<?xml version="1.0" encoding="UTF-8"?>
<coverage generated="1497887944761" clover="3.2.0">
  <project timestamp="1497887944763" name="All files">
    <metrics statements="16" coveredstatements="15" conditionals="2" coveredconditionals="2" methods="5" coveredmethods="3" elements="23" coveredelements="20" complexity="0" loc="16" ncloc="16" packages="3" files="5" classes="5">
      <package name="oldSrc">
        <metrics statements="3" coveredstatements="3" conditionals="0" coveredconditionals="0" methods="2" coveredmethods="2"/>
        <file name="dog.js" path="C:\Code\Tutorials\JSTutorial2\src\oldSrc\dog.js">
          <metrics statements="3" coveredstatements="3" conditionals="0" coveredconditionals="0" methods="2" coveredmethods="2"/>
          <line num="5" count="1" type="stmt"/>
          <line num="9" count="1" type="stmt"/>
          <line num="10" count="1" type="stmt"/>
        </file>
      </package>
      <package name="server">
        <metrics statements="9" coveredstatements="8" conditionals="0" coveredconditionals="0" methods="3" coveredmethods="1"/>
        <file name="render-app.js" path="C:\Code\Tutorials\JSTutorial2\src\server\render-app.js">
          <metrics statements="2" coveredstatements="1" conditionals="0" coveredconditionals="0" methods="1" coveredmethods="0"/>
          <line num="3" count="1" type="stmt"/>
          <line num="4" count="0" type="stmt"/>
        </file>
        <file name="serverWrapper.js" path="C:\Code\Tutorials\JSTutorial2\src\server\serverWrapper.js">
          <metrics statements="7" coveredstatements="7" conditionals="0" coveredconditionals="0" methods="2" coveredmethods="1"/>
          <line num="8" count="1" type="stmt"/>
          <line num="12" count="1" type="stmt"/>
          <line num="14" count="1" type="stmt"/>
          <line num="15" count="1" type="stmt"/>
          <line num="16" count="1" type="stmt"/>
          <line num="17" count="1" type="stmt"/>
          <line num="18" count="1" type="stmt"/>
        </file>
      </package>
      <package name="shared">
        <metrics statements="4" coveredstatements="4" conditionals="2" coveredconditionals="2" methods="0" coveredmethods="0"/>
        <file name="config.js" path="C:\Code\Tutorials\JSTutorial2\src\shared\config.js">
          <metrics statements="3" coveredstatements="3" conditionals="2" coveredconditionals="2" methods="0" coveredmethods="0"/>
          <line num="1" count="1" type="cond" truecount="2" falsecount="0"/>
          <line num="2" count="1" type="stmt"/>
          <line num="3" count="1" type="stmt"/>
        </file>
        <file name="util.js" path="C:\Code\Tutorials\JSTutorial2\src\shared\util.js">
          <metrics statements="1" coveredstatements="1" conditionals="0" coveredconditionals="0" methods="0" coveredmethods="0"/>
          <line num="1" count="1" type="stmt"/>
        </file>
      </package>
    </metrics>
  </project>
</coverage>
