{"C:\\Code\\Tutorials\\JSTutorial2\\src\\oldSrc\\dog.js": {"path":"C:\\Code\\Tutorials\\JSTutorial2\\src\\oldSrc\\dog.js","statementMap":{"0":{"start":{"line":5,"column":8},"end":{"line":5,"column":25}},"1":{"start":{"line":9,"column":8},"end":{"line":9,"column":23}},"2":{"start":{"line":10,"column":8},"end":{"line":10,"column":44}}},"fnMap":{"0":{"name":"(anonymous_0)","decl":{"start":{"line":4,"column":4},"end":{"line":4,"column":5}},"loc":{"start":{"line":4,"column":21},"end":{"line":6,"column":5}},"line":4},"1":{"name":"(anonymous_1)","decl":{"start":{"line":8,"column":4},"end":{"line":8,"column":5}},"loc":{"start":{"line":8,"column":10},"end":{"line":11,"column":5}},"line":8}},"branchMap":{},"s":{"0":1,"1":1,"2":1},"f":{"0":1,"1":1},"b":{},"_coverageSchema":"332fd63041d2c1bcb487cc26dd0d5f7d97098a6c","hash":"667b85b81df88de8880eec6e8f655e3923a0cda0"}
,"C:\\Code\\Tutorials\\JSTutorial2\\src\\shared\\config.js": {"path":"C:\\Code\\Tutorials\\JSTutorial2\\src\\shared\\config.js","statementMap":{"0":{"start":{"line":1,"column":24},"end":{"line":1,"column":48}},"1":{"start":{"line":2,"column":27},"end":{"line":2,"column":36}},"2":{"start":{"line":3,"column":24},"end":{"line":3,"column":35}}},"fnMap":{},"branchMap":{"0":{"loc":{"start":{"line":1,"column":24},"end":{"line":1,"column":48}},"type":"binary-expr","locations":[{"start":{"line":1,"column":24},"end":{"line":1,"column":40}},{"start":{"line":1,"column":44},"end":{"line":1,"column":48}}],"line":1}},"s":{"0":1,"1":1,"2":1},"f":{},"b":{"0":[1,1]},"_coverageSchema":"332fd63041d2c1bcb487cc26dd0d5f7d97098a6c","hash":"4464509768c04e188cfd87ceed01e2c7aab93d88"}
,"C:\\Code\\Tutorials\\JSTutorial2\\src\\shared\\index.js": {"path":"C:\\Code\\Tutorials\\JSTutorial2\\src\\shared\\index.js","statementMap":{"0":{"start":{"line":8,"column":33},"end":{"line":8,"column":76}},"1":{"start":{"line":8,"column":47},"end":{"line":8,"column":76}},"2":{"start":{"line":12,"column":18},"end":{"line":12,"column":27}},"3":{"start":{"line":14,"column":8},"end":{"line":14,"column":31}},"4":{"start":{"line":15,"column":8},"end":{"line":15,"column":53}},"5":{"start":{"line":16,"column":8},"end":{"line":16,"column":55}},"6":{"start":{"line":17,"column":8},"end":{"line":17,"column":40}},"7":{"start":{"line":18,"column":8},"end":{"line":18,"column":29}}},"fnMap":{"0":{"name":"(anonymous_0)","decl":{"start":{"line":8,"column":33},"end":{"line":8,"column":34}},"loc":{"start":{"line":8,"column":47},"end":{"line":8,"column":76}},"line":8},"1":{"name":"(anonymous_1)","decl":{"start":{"line":11,"column":4},"end":{"line":11,"column":5}},"loc":{"start":{"line":11,"column":17},"end":{"line":19,"column":5}},"line":11}},"branchMap":{},"s":{"0":1,"1":0,"2":1,"3":1,"4":1,"5":1,"6":1,"7":1},"f":{"0":0,"1":1},"b":{},"_coverageSchema":"332fd63041d2c1bcb487cc26dd0d5f7d97098a6c","hash":"bdb1cad587e7bf376233ff7a947f0bfb0bda6d8d"}
,"C:\\Code\\Tutorials\\JSTutorial2\\src\\shared\\util.js": {"path":"C:\\Code\\Tutorials\\JSTutorial2\\src\\shared\\util.js","statementMap":{"0":{"start":{"line":1,"column":22},"end":{"line":1,"column":59}}},"fnMap":{},"branchMap":{},"s":{"0":1},"f":{},"b":{},"_coverageSchema":"332fd63041d2c1bcb487cc26dd0d5f7d97098a6c","hash":"01f670a1a7a6b6e1649469ec4352d7c3181cebb1"}
}
